<?xml version="1.0" encoding="UTF-8"?>
<!-- Generated by org.testng.reporters.JUnitXMLReporter -->
<testsuite ignored="0" hostname="DESKTOP-9M55QQJ" failures="1" tests="2" name="Test" time="24.48" errors="0" timestamp="2023-01-03T19:11:54 IST">
  <testcase classname="neoStoxTest.ValidateNeoStoxUsernameProperties" name="validateNeoStoxAccBalance" time="0.006">
    <failure type="java.lang.AssertionError" message="null">
      <![CDATA[java.lang.AssertionError: null
at neoStoxTest.ValidateNeoStoxUsernameProperties.validateNeoStoxAccBalance(ValidateNeoStoxUsernameProperties.java:83)
at java.base/java.util.ArrayList.forEach(ArrayList.java:1541)
... Removed 33 stack frames]]>
    </failure>
  </testcase> <!-- validateNeoStoxAccBalance -->
  <testcase classname="neoStoxTest.ValidateNeoStoxUsernameProperties" name="validateNeoStoxUserName" time="0.048"/>
</testsuite> <!-- Test -->
